0 info it worked if it ends with ok
1 verbose cli [ 'node',
1 verbose cli   '/usr/local/bin/npm',
1 verbose cli   'install',
1 verbose cli   'cassowary.js',
1 verbose cli   '--save-dev' ]
2 info using npm@2.5.1
3 info using node@v0.10.35
4 warn package.json constraint@0.0.1 No description
5 warn package.json constraint@0.0.1 No repository field.
6 warn package.json constraint@0.0.1 No README data
7 silly cache add args [ 'cassowary.js', null ]
8 verbose cache add spec cassowary.js
9 silly cache add parsed spec { raw: 'cassowary.js',
9 silly cache add   scope: null,
9 silly cache add   name: 'cassowary.js',
9 silly cache add   rawSpec: '',
9 silly cache add   spec: '*',
9 silly cache add   type: 'range' }
10 verbose addNamed cassowary.js@*
11 silly addNamed semver.valid null
12 silly addNamed semver.validRange *
13 silly addNameRange { name: 'cassowary.js', range: '*', hasData: false }
14 silly mapToRegistry name cassowary.js
15 silly mapToRegistry using default registry
16 silly mapToRegistry registry https://registry.npmjs.org/
17 silly mapToRegistry uri https://registry.npmjs.org/cassowary.js
18 verbose addNameRange registry:https://registry.npmjs.org/cassowary.js not in flight; fetching
19 verbose request uri https://registry.npmjs.org/cassowary.js
20 verbose request no auth needed
21 info attempt registry request try #1 at 18:09:27
22 verbose request id 68b3178b64585c47
23 http request GET https://registry.npmjs.org/cassowary.js
24 http 404 https://registry.npmjs.org/cassowary.js
25 verbose headers { server: 'CouchDB/1.5.0 (Erlang OTP/R16B03)',
25 verbose headers   'content-type': 'application/json',
25 verbose headers   'cache-control': 'max-age=0',
25 verbose headers   'content-length': '51',
25 verbose headers   'accept-ranges': 'bytes',
25 verbose headers   date: 'Sun, 17 May 2015 00:09:28 GMT',
25 verbose headers   via: '1.1 varnish',
25 verbose headers   age: '0',
25 verbose headers   connection: 'keep-alive',
25 verbose headers   'x-served-by': 'cache-lax1425-LAX',
25 verbose headers   'x-cache': 'MISS',
25 verbose headers   'x-cache-hits': '0',
25 verbose headers   'x-timer': 'S1431821368.488137,VS0,VE83' }
26 silly get cb [ 404,
26 silly get   { server: 'CouchDB/1.5.0 (Erlang OTP/R16B03)',
26 silly get     'content-type': 'application/json',
26 silly get     'cache-control': 'max-age=0',
26 silly get     'content-length': '51',
26 silly get     'accept-ranges': 'bytes',
26 silly get     date: 'Sun, 17 May 2015 00:09:28 GMT',
26 silly get     via: '1.1 varnish',
26 silly get     age: '0',
26 silly get     connection: 'keep-alive',
26 silly get     'x-served-by': 'cache-lax1425-LAX',
26 silly get     'x-cache': 'MISS',
26 silly get     'x-cache-hits': '0',
26 silly get     'x-timer': 'S1431821368.488137,VS0,VE83' } ]
27 verbose stack Error: 404 Not Found: cassowary.js
27 verbose stack     at CachingRegistryClient.<anonymous> (/usr/local/lib/node_modules/npm/node_modules/npm-registry-client/lib/request.js:251:14)
27 verbose stack     at Request._callback (/usr/local/lib/node_modules/npm/node_modules/npm-registry-client/lib/request.js:178:14)
27 verbose stack     at Request.self.callback (/usr/local/lib/node_modules/npm/node_modules/request/request.js:344:22)
27 verbose stack     at Request.emit (events.js:98:17)
27 verbose stack     at Request.<anonymous> (/usr/local/lib/node_modules/npm/node_modules/request/request.js:1239:14)
27 verbose stack     at Request.emit (events.js:117:20)
27 verbose stack     at IncomingMessage.<anonymous> (/usr/local/lib/node_modules/npm/node_modules/request/request.js:1187:12)
27 verbose stack     at IncomingMessage.emit (events.js:117:20)
27 verbose stack     at _stream_readable.js:944:16
27 verbose stack     at process._tickCallback (node.js:442:13)
28 verbose statusCode 404
29 verbose pkgid cassowary.js
30 verbose cwd /Users/kevin/constraint
31 error Darwin 13.4.0
32 error argv "node" "/usr/local/bin/npm" "install" "cassowary.js" "--save-dev"
33 error node v0.10.35
34 error npm  v2.5.1
35 error code E404
36 error 404 Not Found: cassowary.js
36 error 404
36 error 404 'cassowary.js' is not in the npm registry.
36 error 404 You should bug the author to publish it (or use the name yourself!)
36 error 404 It was specified as a dependency of 'constraint'
36 error 404
36 error 404 Note that you can also install from a
36 error 404 tarball, folder, http url, or git url.
37 verbose exit [ 1, true ]
